2026-03-08 23:27:12,580 - INFO - API call made for RELIANCE.NS with period 1mo
2026-03-08 23:27:54,205 - INFO - API call made for INFY.NS with period 1mo
2026-03-08 23:31:22,382 - INFO - API call made for RELIANCE.NS with period 1mo
2026-03-08 23:32:19,598 - INFO - API call made for RELIANCE.NS with period 1mo
2026-03-08 23:33:25,533 - INFO - API call made for RELIANCE.NS with period 1mo
2026-03-08 23:34:21,151 - INFO - API call made for RELIANCE.NS with period 1mo
2026-03-08 23:35:24,268 - INFO - API call made for RELIANCE.NS with period 1mo
2026-03-08 23:36:22,713 - INFO - API call made for RELIANCE.NS with period 1mo
2026-03-08 23:37:21,572 - INFO - API call made for RELIANCE.NS with period 1mo
2026-03-08 23:38:47,041 - INFO - API call made for RELIANCE.NS with period 1mo
2026-03-08 23:39:47,404 - INFO - API call made for RELIANCE.NS with period 1mo
2026-03-08 23:40:18,268 - INFO - API call made for INFY.NS with period 1mo
2026-03-08 23:41:21,456 - INFO - API call made for INFY.NS with period 1mo
2026-03-08 23:42:22,716 - INFO - API call made for INFY.NS with period 1mo
2026-03-08 23:43:22,462 - INFO - API call made for INFY.NS with period 1mo
2026-03-08 23:44:21,828 - INFO - API call made for INFY.NS with period 1mo
2026-03-08 23:45:17,484 - INFO - API call made for INFY.NS with period 1mo
2026-03-08 23:46:21,736 - INFO - API call made for INFY.NS with period 1mo
2026-03-08 23:48:06,652 - INFO - API call made for RELIANCE.NS with period 1mo
2026-03-08 23:50:07,983 - INFO - API call made for INFY.NS with period 1mo
2026-03-08 23:51:47,436 - INFO - API call made for HDFCBANK.NS with period 1mo
2026-03-08 23:58:50,798 - INFO - API call made for HDFCBANK.NS with period 1mo
2026-03-15 22:20:29,083 - INFO - API call made for RELIANCE.NS with period 1mo
2026-03-15 22:20:39,207 - INFO - API call made for INFY.NS with period 1mo
2026-03-15 22:25:31,409 - INFO - API call made for RELIANCE.NS with period 1mo
2026-03-15 22:35:31,359 - INFO - API call made for RELIANCE.NS with period 1mo
2026-03-15 22:40:57,138 - INFO - API call made for INFY.NS with period 1mo
2026-03-15 22:40:58,737 - INFO - API call made for INFY.NS with period 6mo
2026-03-15 22:46:29,373 - INFO - API call made for INFY.NS with period 1mo
2026-03-15 22:47:21,419 - INFO - API call made for TCS.NS with period 1mo
2026-03-15 22:49:12,257 - INFO - API call made for TCS.NS with period 1y
2026-03-15 22:56:33,734 - INFO - API call made for TCS.NS with period 1y
2026-03-15 22:58:49,782 - INFO - API call made for RELIANCE.NS with period 1mo
2026-03-15 23:00:01,778 - INFO - API call made for ICICIBANK.NS with period 1mo
2026-03-15 23:07:07,681 - INFO - API call made for RELIANCE.NS with period 1mo
2026-03-15 23:09:42,325 - INFO - API call made for HDFCBANK.NS with period 1mo
2026-03-15 23:11:40,827 - INFO - API call made for TCS.NS with period 1mo
2026-03-15 23:13:07,059 - INFO - API call made for ICICIBANK.NS with period 1mo
2026-03-15 23:13:19,442 - INFO - API call made for RELIANCE.NS with period 1mo
2026-03-15 23:14:13,381 - INFO - API call made for INFY.NS with period 1mo
2026-03-15 23:16:31,861 - INFO - API call made for HDFCBANK.NS with period 1mo
2026-03-15 23:21:35,440 - INFO - API call made for RELIANCE.NS with period 1mo
2026-03-15 23:25:45,283 - INFO - API call made for INFY.NS with period 1mo
2026-03-15 23:26:33,652 - INFO - API call made for INFY.NS with period 1y
2026-03-15 23:26:34,274 - INFO - API call made for RELIANCE.NS with period 1y
2026-03-15 23:26:47,228 - INFO - API call made for RELIANCE.NS with period 1mo
2026-03-15 23:27:00,985 - INFO - API call made for INFY.NS with period 6mo
2026-03-15 23:27:01,403 - INFO - API call made for RELIANCE.NS with period 6mo
2026-03-15 23:32:01,652 - INFO - API call made for RELIANCE.NS with period 6mo
2026-03-15 23:32:04,142 - INFO - API call made for INFY.NS with period 6mo
2026-03-15 23:32:25,255 - INFO - API call made for HDFCBANK.NS with period 6mo
2026-03-15 23:32:29,531 - INFO - API call made for TCS.NS with period 6mo
2026-03-15 23:32:37,794 - INFO - API call made for ICICIBANK.NS with period 6mo
2026-03-15 23:32:47,055 - INFO - API call made for ICICIBANK.NS with period 1mo
2026-03-15 23:32:48,581 - INFO - API call made for INFY.NS with period 1mo
2026-03-15 23:33:09,379 - INFO - API call made for ICICIBANK.NS with period 1y
2026-03-15 23:33:10,921 - INFO - API call made for INFY.NS with period 1y
2026-03-15 23:33:43,640 - INFO - API call made for HDFCBANK.NS with period 1y
2026-03-15 23:33:49,046 - INFO - API call made for RELIANCE.NS with period 1y
